<?xml version="1.0" encoding="UTF-8"?>
<!-- Generated by org.testng.reporters.JUnitXMLReporter -->
<testsuite ignored="0" hostname="MayurJain" failures="0" tests="4" name="Test" time="0.394" errors="0" timestamp="2022-08-04T13:23:15 GMT+05:30">
  <testcase classname="Com.Amazon.TestClasses.TestNG.TestBaseClassAmazon" name="@BeforeClass browserlaunch" time="0.133">
    <failure type="java.lang.IllegalStateException" message="The driver executable must exist: C:\Users\Mayur Ambekar\eclipse-workspace\Project3_Amazon_Scenarios\Drivers\FirefoxDriver.exe">
      <![CDATA[java.lang.IllegalStateException: The driver executable must exist: C:\Users\Mayur Ambekar\eclipse-workspace\Project3_Amazon_Scenarios\Drivers\FirefoxDriver.exe
at org.openqa.selenium.internal.Require$FileStateChecker.isFile(Require.java:342)
at org.openqa.selenium.remote.service.DriverService.checkExecutable(DriverService.java:147)
at org.openqa.selenium.remote.service.DriverService.findExecutable(DriverService.java:142)
at org.openqa.selenium.firefox.GeckoDriverService.access$100(GeckoDriverService.java:45)
at org.openqa.selenium.firefox.GeckoDriverService$Builder.findDefaultExecutable(GeckoDriverService.java:181)
at org.openqa.selenium.remote.service.DriverService$Builder.build(DriverService.java:437)
at org.openqa.selenium.firefox.GeckoDriverService.createDefaultService(GeckoDriverService.java:94)
at org.openqa.selenium.firefox.FirefoxDriver.<init>(FirefoxDriver.java:98)
at org.openqa.selenium.firefox.FirefoxDriver.<init>(FirefoxDriver.java:94)
at Com.Amazon.TestClasses.TestNG.TestBaseClassAmazon.browserlaunch(TestBaseClassAmazon.java:34)
at java.base/java.util.ArrayList.forEach(ArrayList.java:1511)
... Removed 23 stack frames]]>
    </failure>
  </testcase> <!-- @BeforeClass browserlaunch -->
  <testcase classname="Com.Amazon.TestClasses.TestNG.TestBaseClassAmazon" name="@BeforeMethod setupMethod" time="-1.659599594733E9">
    <skipped/>
  </testcase> <!-- @BeforeMethod setupMethod -->
  <testcase classname="Com.Amazon.TestClasses.TestNG.TestBaseClassAmazon" name="@AfterMethod logot" time="-1.659599594748E9">
    <skipped/>
  </testcase> <!-- @AfterMethod logot -->
  <testcase classname="Com.Amazon.TestClasses.TestNG.TestBaseClassAmazon" name="@AfterClass teardown" time="-1.659599594751E9">
    <skipped/>
  </testcase> <!-- @AfterClass teardown -->
  <testcase classname="Com.Amazon.TestClasses.TestNG.TestBaseClassAmazon" name="@BeforeClass browserlaunch" time="0.013">
    <failure type="java.lang.IllegalStateException" message="The driver executable must exist: C:\Users\Mayur Ambekar\eclipse-workspace\Project3_Amazon_Scenarios\Drivers\FirefoxDriver.exe">
      <![CDATA[java.lang.IllegalStateException: The driver executable must exist: C:\Users\Mayur Ambekar\eclipse-workspace\Project3_Amazon_Scenarios\Drivers\FirefoxDriver.exe
at org.openqa.selenium.internal.Require$FileStateChecker.isFile(Require.java:342)
at org.openqa.selenium.remote.service.DriverService.checkExecutable(DriverService.java:147)
at org.openqa.selenium.remote.service.DriverService.findExecutable(DriverService.java:142)
at org.openqa.selenium.firefox.GeckoDriverService.access$100(GeckoDriverService.java:45)
at org.openqa.selenium.firefox.GeckoDriverService$Builder.findDefaultExecutable(GeckoDriverService.java:181)
at org.openqa.selenium.remote.service.DriverService$Builder.build(DriverService.java:437)
at org.openqa.selenium.firefox.GeckoDriverService.createDefaultService(GeckoDriverService.java:94)
at org.openqa.selenium.firefox.FirefoxDriver.<init>(FirefoxDriver.java:98)
at org.openqa.selenium.firefox.FirefoxDriver.<init>(FirefoxDriver.java:94)
at Com.Amazon.TestClasses.TestNG.TestBaseClassAmazon.browserlaunch(TestBaseClassAmazon.java:34)
at java.base/java.util.ArrayList.forEach(ArrayList.java:1511)
... Removed 23 stack frames]]>
    </failure>
  </testcase> <!-- @BeforeClass browserlaunch -->
  <testcase classname="Com.Amazon.TestClasses.TestNG.TestBaseClassAmazon" name="@BeforeMethod setupMethod" time="-1.659599594776E9">
    <skipped/>
  </testcase> <!-- @BeforeMethod setupMethod -->
  <testcase classname="Com.Amazon.TestClasses.TestNG.TestBaseClassAmazon" name="@AfterMethod logot" time="-1.659599594802E9">
    <skipped/>
  </testcase> <!-- @AfterMethod logot -->
  <testcase classname="Com.Amazon.TestClasses.TestNG.TestBaseClassAmazon" name="@AfterClass teardown" time="-1.659599594815E9">
    <skipped/>
  </testcase> <!-- @AfterClass teardown -->
  <testcase classname="Com.Amazon.TestClasses.TestNG.TestBaseClassAmazon" name="@BeforeClass browserlaunch" time="0.018">
    <failure type="java.lang.IllegalStateException" message="The driver executable must exist: C:\Users\Mayur Ambekar\eclipse-workspace\Project3_Amazon_Scenarios\Drivers\FirefoxDriver.exe">
      <![CDATA[java.lang.IllegalStateException: The driver executable must exist: C:\Users\Mayur Ambekar\eclipse-workspace\Project3_Amazon_Scenarios\Drivers\FirefoxDriver.exe
at org.openqa.selenium.internal.Require$FileStateChecker.isFile(Require.java:342)
at org.openqa.selenium.remote.service.DriverService.checkExecutable(DriverService.java:147)
at org.openqa.selenium.remote.service.DriverService.findExecutable(DriverService.java:142)
at org.openqa.selenium.firefox.GeckoDriverService.access$100(GeckoDriverService.java:45)
at org.openqa.selenium.firefox.GeckoDriverService$Builder.findDefaultExecutable(GeckoDriverService.java:181)
at org.openqa.selenium.remote.service.DriverService$Builder.build(DriverService.java:437)
at org.openqa.selenium.firefox.GeckoDriverService.createDefaultService(GeckoDriverService.java:94)
at org.openqa.selenium.firefox.FirefoxDriver.<init>(FirefoxDriver.java:98)
at org.openqa.selenium.firefox.FirefoxDriver.<init>(FirefoxDriver.java:94)
at Com.Amazon.TestClasses.TestNG.TestBaseClassAmazon.browserlaunch(TestBaseClassAmazon.java:34)
at java.base/java.util.ArrayList.forEach(ArrayList.java:1511)
... Removed 23 stack frames]]>
    </failure>
  </testcase> <!-- @BeforeClass browserlaunch -->
  <testcase classname="Com.Amazon.TestClasses.TestNG.TestBaseClassAmazon" name="@BeforeMethod setupMethod" time="-1.659599594845E9">
    <skipped/>
  </testcase> <!-- @BeforeMethod setupMethod -->
  <testcase classname="Com.Amazon.TestClasses.TestNG.TestBaseClassAmazon" name="@AfterMethod logot" time="-1.659599594866E9">
    <skipped/>
  </testcase> <!-- @AfterMethod logot -->
  <testcase classname="Com.Amazon.TestClasses.TestNG.TestBaseClassAmazon" name="@AfterClass teardown" time="-1.659599594869E9">
    <skipped/>
  </testcase> <!-- @AfterClass teardown -->
  <testcase classname="Com.Amazon.TestClasses.TestNG.TestBaseClassAmazon" name="@BeforeClass browserlaunch" time="0.016">
    <failure type="java.lang.IllegalStateException" message="The driver executable must exist: C:\Users\Mayur Ambekar\eclipse-workspace\Project3_Amazon_Scenarios\Drivers\FirefoxDriver.exe">
      <![CDATA[java.lang.IllegalStateException: The driver executable must exist: C:\Users\Mayur Ambekar\eclipse-workspace\Project3_Amazon_Scenarios\Drivers\FirefoxDriver.exe
at org.openqa.selenium.internal.Require$FileStateChecker.isFile(Require.java:342)
at org.openqa.selenium.remote.service.DriverService.checkExecutable(DriverService.java:147)
at org.openqa.selenium.remote.service.DriverService.findExecutable(DriverService.java:142)
at org.openqa.selenium.firefox.GeckoDriverService.access$100(GeckoDriverService.java:45)
at org.openqa.selenium.firefox.GeckoDriverService$Builder.findDefaultExecutable(GeckoDriverService.java:181)
at org.openqa.selenium.remote.service.DriverService$Builder.build(DriverService.java:437)
at org.openqa.selenium.firefox.GeckoDriverService.createDefaultService(GeckoDriverService.java:94)
at org.openqa.selenium.firefox.FirefoxDriver.<init>(FirefoxDriver.java:98)
at org.openqa.selenium.firefox.FirefoxDriver.<init>(FirefoxDriver.java:94)
at Com.Amazon.TestClasses.TestNG.TestBaseClassAmazon.browserlaunch(TestBaseClassAmazon.java:34)
at java.base/java.util.ArrayList.forEach(ArrayList.java:1511)
... Removed 23 stack frames]]>
    </failure>
  </testcase> <!-- @BeforeClass browserlaunch -->
  <testcase classname="Com.Amazon.TestClasses.TestNG.TestBaseClassAmazon" name="@BeforeMethod setupMethod" time="-1.659599594897E9">
    <skipped/>
  </testcase> <!-- @BeforeMethod setupMethod -->
  <testcase classname="Com.Amazon.TestClasses.TestNG.TestBaseClassAmazon" name="@AfterMethod logot" time="-1.659599594906E9">
    <skipped/>
  </testcase> <!-- @AfterMethod logot -->
  <testcase classname="Com.Amazon.TestClasses.TestNG.TestBaseClassAmazon" name="@AfterClass teardown" time="-1.659599594907E9">
    <skipped/>
  </testcase> <!-- @AfterClass teardown -->
  <testcase classname="Com.Amazon.TestClasses.TestNG.TC001_VerifyLoginFunctionalityTestClass" name="loginFuncionality" time="0.0">
    <skipped/>
  </testcase> <!-- loginFuncionality -->
  <testcase classname="Com.Amazon.TestClasses.TestNG.TC002_VerifyAddToCartFunctionality" name="AddTocart" time="0.0">
    <skipped/>
  </testcase> <!-- AddTocart -->
  <testcase classname="Com.Amazon.TestClasses.TestNG.TC003_VerifyAmazonPayFunctionality" name="amazonPay" time="0.0">
    <skipped/>
  </testcase> <!-- amazonPay -->
  <testcase classname="Com.Amazon.TestClasses.TestNG.TC004_VerifyLogoutFunctionalityTestClass" name="logoutFunctionality" time="0.0">
    <skipped/>
  </testcase> <!-- logoutFunctionality -->
</testsuite> <!-- Test -->
